2023-09-22 17:27:18,453 [main] org.springframework.boot.StartupInfoLogger: Starting EcommerceApplication using Java 17.0.8.1 with PID 31718 (/home/turborvip/WorkPlace/Study/Project/ecommerce/build/classes/java/main started by turborvip in /home/turborvip/WorkPlace/Study/Project/ecommerce)
2023-09-22 17:27:18,462 [main] org.springframework.boot.SpringApplication: The following 1 profile is active: "dev"
2023-09-22 17:27:18,949 [main] org.springframework.data.repository.config.RepositoryConfigurationDelegate: Bootstrapping Spring Data JPA repositories in DEFAULT mode.
2023-09-22 17:27:18,998 [main] org.springframework.data.repository.config.RepositoryConfigurationDelegate: Finished Spring Data repository scanning in 43 ms. Found 6 JPA repository interfaces.
2023-09-22 17:27:19,417 [main] org.springframework.context.support.PostProcessorRegistrationDelegate$BeanPostProcessorChecker: Bean 'ecommerceProperties' of type [com.turborvip.ecommerce.application.configuration.EcommerceProperties] is not eligible for getting processed by all BeanPostProcessors (for example: not eligible for auto-proxying)
2023-09-22 17:27:19,419 [main] org.springframework.context.support.PostProcessorRegistrationDelegate$BeanPostProcessorChecker: Bean 'persistence' of type [com.turborvip.ecommerce.application.configuration.Persistence$$SpringCGLIB$$0] is not eligible for getting processed by all BeanPostProcessors (for example: not eligible for auto-proxying)
2023-09-22 17:27:19,684 [main] org.springframework.boot.web.embedded.tomcat.TomcatWebServer: Tomcat initialized with port(s): 8077 (http)
2023-09-22 17:27:19,695 [main] org.apache.juli.logging.DirectJDKLog: Initializing ProtocolHandler ["http-nio-8077"]
2023-09-22 17:27:19,698 [main] org.apache.juli.logging.DirectJDKLog: Starting service [Tomcat]
2023-09-22 17:27:19,698 [main] org.apache.juli.logging.DirectJDKLog: Starting Servlet engine: [Apache Tomcat/10.1.11]
2023-09-22 17:27:19,781 [main] org.apache.juli.logging.DirectJDKLog: Initializing Spring embedded WebApplicationContext
2023-09-22 17:27:19,783 [main] org.springframework.boot.web.servlet.context.ServletWebServerApplicationContext: Root WebApplicationContext: initialization completed in 1201 ms
2023-09-22 17:27:19,844 [main] com.zaxxer.hikari.HikariConfig: DEVELOPER_CATALOG - idleTimeout has been set but has no effect because the pool is operating as a fixed size pool.
2023-09-22 17:27:19,846 [main] com.zaxxer.hikari.HikariDataSource: DEVELOPER_CATALOG - Starting...
2023-09-22 17:27:20,035 [main] com.zaxxer.hikari.pool.HikariPool: DEVELOPER_CATALOG - Added connection org.postgresql.jdbc.PgConnection@2cccf134
2023-09-22 17:27:20,037 [main] com.zaxxer.hikari.HikariDataSource: DEVELOPER_CATALOG - Start completed.
2023-09-22 17:27:20,037 [main] com.zaxxer.hikari.HikariConfig: DEVELOPER_CATALOG - idleTimeout has been set but has no effect because the pool is operating as a fixed size pool.
2023-09-22 17:27:20,038 [main] com.zaxxer.hikari.HikariDataSource: DEVELOPER_CATALOG - Starting...
2023-09-22 17:27:20,083 [main] com.zaxxer.hikari.pool.HikariPool: DEVELOPER_CATALOG - Added connection org.postgresql.jdbc.PgConnection@430df350
2023-09-22 17:27:20,084 [main] com.zaxxer.hikari.HikariDataSource: DEVELOPER_CATALOG - Start completed.
2023-09-22 17:27:20,134 [main] org.hibernate.jpa.internal.util.LogHelper: HHH000204: Processing PersistenceUnitInfo [name: default]
2023-09-22 17:27:20,176 [main] org.hibernate.Version: HHH000412: Hibernate ORM core version 6.2.6.Final
2023-09-22 17:27:20,179 [main] org.hibernate.cfg.Environment: HHH000406: Using bytecode reflection optimizer
2023-09-22 17:27:20,345 [main] org.hibernate.bytecode.internal.BytecodeProviderInitiator: HHH000021: Bytecode provider name : bytebuddy
2023-09-22 17:27:20,439 [main] org.springframework.orm.jpa.persistenceunit.SpringPersistenceUnitInfo: No LoadTimeWeaver setup: ignoring JPA class transformer
2023-09-22 17:27:20,773 [main] org.hibernate.bytecode.internal.BytecodeProviderInitiator: HHH000021: Bytecode provider name : bytebuddy
2023-09-22 17:27:20,841 [main] org.hibernate.mapping.RootClass: HHH000038: Composite-id class does not override equals(): com.turborvip.ecommerce.domain.entity.UserDeviceKey
2023-09-22 17:27:20,841 [main] org.hibernate.mapping.RootClass: HHH000039: Composite-id class does not override hashCode(): com.turborvip.ecommerce.domain.entity.UserDeviceKey
2023-09-22 17:27:21,483 [main] org.hibernate.engine.transaction.jta.platform.internal.JtaPlatformInitiator: HHH000490: Using JtaPlatform implementation: [org.hibernate.engine.transaction.jta.platform.internal.NoJtaPlatform]
2023-09-22 17:27:21,611 [main] org.springframework.orm.jpa.AbstractEntityManagerFactoryBean: Initialized JPA EntityManagerFactory for persistence unit 'default'
2023-09-22 17:27:21,872 [main] org.springframework.data.jpa.repository.query.QueryEnhancerFactory: Hibernate is in classpath; If applicable, HQL parser will be used.
2023-09-22 17:27:22,398 [main] org.springframework.boot.autoconfigure.orm.jpa.JpaBaseConfiguration$JpaWebConfiguration: spring.jpa.open-in-view is enabled by default. Therefore, database queries may be performed during view rendering. Explicitly configure spring.jpa.open-in-view to disable this warning
2023-09-22 17:27:22,637 [main] org.springframework.security.web.DefaultSecurityFilterChain: Will secure any request with [org.springframework.security.web.session.DisableEncodeUrlFilter@70c6c6a7, org.springframework.security.web.context.request.async.WebAsyncManagerIntegrationFilter@54632794, org.springframework.security.web.context.SecurityContextHolderFilter@17d606c9, org.springframework.security.web.header.HeaderWriterFilter@5687e92d, org.springframework.security.web.authentication.logout.LogoutFilter@2f726cf4, com.turborvip.ecommerce.application.security.JwtAuthenticationFilter@4a84beb7, org.springframework.security.web.session.ConcurrentSessionFilter@4587675c, org.springframework.security.web.savedrequest.RequestCacheAwareFilter@6792aa3e, org.springframework.security.web.servletapi.SecurityContextHolderAwareRequestFilter@37e0614e, org.springframework.security.web.authentication.AnonymousAuthenticationFilter@56511eda, org.springframework.security.web.session.SessionManagementFilter@46c28400, org.springframework.security.web.access.ExceptionTranslationFilter@6a2d0a19, org.springframework.security.web.access.intercept.AuthorizationFilter@3a33d655]
2023-09-22 17:27:22,833 [main] org.apache.juli.logging.DirectJDKLog: Starting ProtocolHandler ["http-nio-8077"]
2023-09-22 17:27:22,846 [main] org.springframework.boot.web.embedded.tomcat.TomcatWebServer: Tomcat started on port(s): 8077 (http) with context path ''
2023-09-22 17:27:22,870 [main] org.springframework.boot.StartupInfoLogger: Started EcommerceApplication in 4.77 seconds (process running for 5.358)
